<?xml version="1.0" encoding="UTF-8"?>
<!-- Generated by org.testng.reporters.JUnitXMLReporter -->
<testsuite ignored="0" hostname="LAPTOP-C1PH655O" failures="0" tests="3" name="Free CRM App Test Cases" time="14.946" errors="0" timestamp="2022-05-17T17:11:47 CDT">
  <testcase classname="com.crm.qa.testcases.LoginPageTest" name="loginPageTitleTest" time="0.016"/>
  <testcase classname="com.crm.qa.testcases.LoginPageTest" name="crmLogoImageTest" time="0.056"/>
  <testcase classname="com.crm.qa.testcases.LoginPageTest" name="loginTest" time="2.455"/>
</testsuite> <!-- Free CRM App Test Cases -->
