<?xml version="1.0" encoding="UTF-8"?>
<testng-results ignored="0" total="3" passed="3" failed="0" skipped="0">
  <reporter-output>
  </reporter-output>
  <suite started-at="2022-05-17T17:11:32 CDT" name="FREE CRM Application Test Automation Test Suite" finished-at="2022-05-17T17:11:47 CDT" duration-ms="14946">
    <groups>
    </groups>
    <test started-at="2022-05-17T17:11:32 CDT" name="Free CRM App Test Cases" finished-at="2022-05-17T17:11:47 CDT" duration-ms="14946">
      <class name="com.crm.qa.testcases.LoginPageTest">
        <test-method is-config="true" signature="setUp()[pri:0, instance:com.crm.qa.testcases.LoginPageTest@29e495ff]" started-at="2022-05-17T17:11:32 CDT" name="setUp" finished-at="2022-05-17T17:11:36 CDT" duration-ms="3885" status="PASS">
          <reporter-output>
          </reporter-output>
        </test-method> <!-- setUp -->
        <test-method signature="loginPageTitleTest()[pri:1, instance:com.crm.qa.testcases.LoginPageTest@29e495ff]" started-at="2022-05-17T17:11:36 CDT" name="loginPageTitleTest" finished-at="2022-05-17T17:11:36 CDT" duration-ms="16" status="PASS">
          <reporter-output>
          </reporter-output>
        </test-method> <!-- loginPageTitleTest -->
        <test-method is-config="true" signature="tearDown()[pri:0, instance:com.crm.qa.testcases.LoginPageTest@29e495ff]" started-at="2022-05-17T17:11:36 CDT" name="tearDown" finished-at="2022-05-17T17:11:37 CDT" duration-ms="647" status="PASS">
          <reporter-output>
          </reporter-output>
        </test-method> <!-- tearDown -->
        <test-method is-config="true" signature="setUp()[pri:0, instance:com.crm.qa.testcases.LoginPageTest@29e495ff]" started-at="2022-05-17T17:11:37 CDT" name="setUp" finished-at="2022-05-17T17:11:40 CDT" duration-ms="3108" status="PASS">
          <reporter-output>
          </reporter-output>
        </test-method> <!-- setUp -->
        <test-method signature="crmLogoImageTest()[pri:2, instance:com.crm.qa.testcases.LoginPageTest@29e495ff]" started-at="2022-05-17T17:11:40 CDT" name="crmLogoImageTest" finished-at="2022-05-17T17:11:40 CDT" duration-ms="56" status="PASS">
          <reporter-output>
          </reporter-output>
        </test-method> <!-- crmLogoImageTest -->
        <test-method is-config="true" signature="tearDown()[pri:0, instance:com.crm.qa.testcases.LoginPageTest@29e495ff]" started-at="2022-05-17T17:11:40 CDT" name="tearDown" finished-at="2022-05-17T17:11:40 CDT" duration-ms="631" status="PASS">
          <reporter-output>
          </reporter-output>
        </test-method> <!-- tearDown -->
        <test-method is-config="true" signature="setUp()[pri:0, instance:com.crm.qa.testcases.LoginPageTest@29e495ff]" started-at="2022-05-17T17:11:40 CDT" name="setUp" finished-at="2022-05-17T17:11:44 CDT" duration-ms="3461" status="PASS">
          <reporter-output>
          </reporter-output>
        </test-method> <!-- setUp -->
        <test-method signature="loginTest()[pri:3, instance:com.crm.qa.testcases.LoginPageTest@29e495ff]" started-at="2022-05-17T17:11:44 CDT" name="loginTest" finished-at="2022-05-17T17:11:46 CDT" duration-ms="2455" status="PASS">
          <reporter-output>
          </reporter-output>
        </test-method> <!-- loginTest -->
        <test-method is-config="true" signature="tearDown()[pri:0, instance:com.crm.qa.testcases.LoginPageTest@29e495ff]" started-at="2022-05-17T17:11:46 CDT" name="tearDown" finished-at="2022-05-17T17:11:47 CDT" duration-ms="652" status="PASS">
          <reporter-output>
          </reporter-output>
        </test-method> <!-- tearDown -->
      </class> <!-- com.crm.qa.testcases.LoginPageTest -->
    </test> <!-- Free CRM App Test Cases -->
  </suite> <!-- FREE CRM Application Test Automation Test Suite -->
</testng-results>
